[2026-04-25 10:58:58] === Сервер запущен на http://localhost:3000 === | Данные: {"pid":5908,"keepLogsDays":10}
[2026-04-25 22:13:04] === Сервер запущен на http://localhost:3000 === | Данные: {"pid":12524,"keepLogsDays":10}
[2026-04-25 23:12:48] === Сервер запущен на http://localhost:3000 === | Данные: {"pid":10500,"keepLogsDays":10}
[2026-04-25 23:13:48] API: process/check, token present: true
[2026-04-25 23:13:48] === Начало check ===
[2026-04-25 23:13:48] Количество: 3
[2026-04-25 23:13:48] Поиск заказа: 4965524118
[2026-04-25 23:13:48] Фильтр: description~4965524118
[2026-04-25 23:13:49] Найдено заказов: 1
[2026-04-25 23:13:49] Заказ: 75432, description: Номер задания в Wildberries: 4965524118, Тип доставки: доставка на склад Wildberries, Идентификатор склада WB: 1669486, Список офисов, куда следует привезти товар: Кемерово, Новокузнецк, Цена со всеми скидками Wildberries: 712,00, Цена только со скидкой продавца: 1020,00
[2026-04-25 23:13:50] Проверен: 4965524118 - Нет отгрузки
[2026-04-25 23:13:50] Поиск заказа: 75222
[2026-04-25 23:13:50] Фильтр: description~75222
[2026-04-25 23:13:50] Найдено заказов: 2
[2026-04-25 23:13:50] Заказ: 31895, description: 82752229-0247-1 - номер отправления в Ozon
Дата начала доставки: 10-03-2025
Дата конца доставки: 10-03-2025
Способ доставки: Доставка Ozon самостоятельно, Новосибирск
Служба доставки: Доставка Ozon
Используется Ozon Express: нет
Тип интеграции со службой доставки: доставка службой Ozon
[2026-04-25 23:13:50] Заказ: 68283, description: 0188752224-0089-1 - номер отправления в Ozon
Дата начала доставки: 23-03-2026
Дата конца доставки: 23-03-2026
Способ доставки: Доставка Ozon самостоятельно, Новокузнецк
Служба доставки: Доставка Ozon
Используется Ozon Express: нет
Тип интеграции со службой доставки: доставка службой Ozon
[2026-04-25 23:13:51] Проверен: 75222 - Отгружен
[2026-04-25 23:13:51] Поиск заказа: 70319045-0084-8
[2026-04-25 23:13:51] Фильтр: description~70319045-0084-8
[2026-04-25 23:13:51] Найдено заказов: 1
[2026-04-25 23:13:51] Заказ: 75430, description: 70319045-0084-8 - номер отправления в Ozon
Дата начала доставки: 07-05-2026
Дата конца доставки: 07-05-2026
Способ доставки: Доставка Ozon самостоятельно, Новокузнецк
Служба доставки: Доставка Ozon
Используется Ozon Express: нет
Тип интеграции со службой доставки: доставка службой Ozon
[2026-04-25 23:13:51] Проверен: 70319045-0084-8 - Нет отгрузки
[2026-04-25 23:13:51] === Завершено ===
[2026-04-25 23:13:51] API: save scan, body keys: 3
[2026-04-25 23:13:51] Сохранено последнее сканирование: 3 заказов
[2026-04-25 23:15:00] API: process/check, token present: true
[2026-04-25 23:15:00] === Начало check ===
[2026-04-25 23:15:00] Количество: 4
[2026-04-25 23:15:00] Поиск заказа: 4965524118
[2026-04-25 23:15:00] Фильтр: description~4965524118
[2026-04-25 23:15:01] Найдено заказов: 1
[2026-04-25 23:15:01] Заказ: 75432, description: Номер задания в Wildberries: 4965524118, Тип доставки: доставка на склад Wildberries, Идентификатор склада WB: 1669486, Список офисов, куда следует привезти товар: Кемерово, Новокузнецк, Цена со всеми скидками Wildberries: 712,00, Цена только со скидкой продавца: 1020,00
[2026-04-25 23:15:01] Проверен: 4965524118 - Нет отгрузки
[2026-04-25 23:15:01] Поиск заказа: 75222
[2026-04-25 23:15:01] Фильтр: description~75222
[2026-04-25 23:15:02] Найдено заказов: 2
[2026-04-25 23:15:02] Заказ: 31895, description: 82752229-0247-1 - номер отправления в Ozon
Дата начала доставки: 10-03-2025
Дата конца доставки: 10-03-2025
Способ доставки: Доставка Ozon самостоятельно, Новосибирск
Служба доставки: Доставка Ozon
Используется Ozon Express: нет
Тип интеграции со службой доставки: доставка службой Ozon
[2026-04-25 23:15:02] Заказ: 68283, description: 0188752224-0089-1 - номер отправления в Ozon
Дата начала доставки: 23-03-2026
Дата конца доставки: 23-03-2026
Способ доставки: Доставка Ozon самостоятельно, Новокузнецк
Служба доставки: Доставка Ozon
Используется Ozon Express: нет
Тип интеграции со службой доставки: доставка службой Ozon
[2026-04-25 23:15:03] Проверен: 75222 - Отгружен
[2026-04-25 23:15:03] Поиск заказа: 70319045-0084-8
[2026-04-25 23:15:03] Фильтр: description~70319045-0084-8
[2026-04-25 23:15:04] Найдено заказов: 1
[2026-04-25 23:15:04] Заказ: 75430, description: 70319045-0084-8 - номер отправления в Ozon
Дата начала доставки: 07-05-2026
Дата конца доставки: 07-05-2026
Способ доставки: Доставка Ozon самостоятельно, Новокузнецк
Служба доставки: Доставка Ozon
Используется Ozon Express: нет
Тип интеграции со службой доставки: доставка службой Ozon
[2026-04-25 23:15:05] Проверен: 70319045-0084-8 - Нет отгрузки
[2026-04-25 23:15:05] Поиск заказа: 40192209-0141-1
[2026-04-25 23:15:05] Фильтр: description~40192209-0141-1
[2026-04-25 23:15:06] Найдено заказов: 1
[2026-04-25 23:15:06] Заказ: 75222, description: 40192209-0141-1 - номер отправления в Ozon
Дата начала доставки: 28-04-2026
Дата конца доставки: 28-04-2026
Способ доставки: Доставка Ozon самостоятельно, Новокузнецк
Служба доставки: Доставка Ozon
Используется Ozon Express: нет
Тип интеграции со службой доставки: доставка службой Ozon
[2026-04-25 23:15:08] Проверен: 40192209-0141-1 - На отправку с отсрочкой платежа
[2026-04-25 23:15:08] === Завершено ===
[2026-04-25 23:15:08] API: save scan, body keys: 4
[2026-04-25 23:15:08] Сохранено последнее сканирование: 4 заказов
[2026-04-25 23:19:15] API: process/check, token present: true
[2026-04-25 23:19:15] === Начало check ===
[2026-04-25 23:19:15] Количество: 3
[2026-04-25 23:19:15] Поиск заказа: 4965524118
[2026-04-25 23:19:15] Фильтр: description~4965524118
[2026-04-25 23:19:16] Найдено заказов: 1
[2026-04-25 23:19:16] Заказ: 75432, description: Номер задания в Wildberries: 4965524118, Тип доставки: доставка на склад Wildberries, Идентификатор склада WB: 1669486, Список офисов, куда следует привезти товар: Кемерово, Новокузнецк, Цена со всеми скидками Wildberries: 712,00, Цена только со скидкой продавца: 1020,00
[2026-04-25 23:19:16] Проверен: 4965524118 - Нет отгрузки
[2026-04-25 23:19:16] Поиск заказа: 70319045-0084-8
[2026-04-25 23:19:16] Фильтр: description~70319045-0084-8
[2026-04-25 23:19:16] Найдено заказов: 1
[2026-04-25 23:19:16] Заказ: 75430, description: 70319045-0084-8 - номер отправления в Ozon
Дата начала доставки: 07-05-2026
Дата конца доставки: 07-05-2026
Способ доставки: Доставка Ozon самостоятельно, Новокузнецк
Служба доставки: Доставка Ozon
Используется Ozon Express: нет
Тип интеграции со службой доставки: доставка службой Ozon
[2026-04-25 23:19:16] Проверен: 70319045-0084-8 - Нет отгрузки
[2026-04-25 23:19:16] Поиск заказа: 40192209-0141-1
[2026-04-25 23:19:16] Фильтр: description~40192209-0141-1
[2026-04-25 23:19:17] Найдено заказов: 1
[2026-04-25 23:19:17] Заказ: 75222, description: 40192209-0141-1 - номер отправления в Ozon
Дата начала доставки: 28-04-2026
Дата конца доставки: 28-04-2026
Способ доставки: Доставка Ozon самостоятельно, Новокузнецк
Служба доставки: Доставка Ozon
Используется Ozon Express: нет
Тип интеграции со службой доставки: доставка службой Ozon
[2026-04-25 23:19:18] Проверен: 40192209-0141-1 - На отправку с отсрочкой платежа
[2026-04-25 23:19:18] === Завершено ===
[2026-04-25 23:19:18] API: save scan, body keys: 3
[2026-04-25 23:19:18] Сохранено последнее сканирование: 3 заказов
[2026-04-25 23:23:58] API: process/check, token present: true
[2026-04-25 23:23:58] === Начало check ===
[2026-04-25 23:23:58] Количество: 5
[2026-04-25 23:23:58] Поиск заказа: 4965524118
[2026-04-25 23:23:58] Фильтр: description~4965524118
[2026-04-25 23:23:59] Найдено заказов: 1
[2026-04-25 23:23:59] Заказ: 75432, description: Номер задания в Wildberries: 4965524118, Тип доставки: доставка на склад Wildberries, Идентификатор склада WB: 1669486, Список офисов, куда следует привезти товар: Кемерово, Новокузнецк, Цена со всеми скидками Wildberries: 712,00, Цена только со скидкой продавца: 1020,00
[2026-04-25 23:23:59] Проверен: 4965524118 - Нет отгрузки
[2026-04-25 23:23:59] Поиск заказа: 70319045-0084-8
[2026-04-25 23:23:59] Фильтр: description~70319045-0084-8
[2026-04-25 23:24:00] Найдено заказов: 1
[2026-04-25 23:24:00] Заказ: 75430, description: 70319045-0084-8 - номер отправления в Ozon
Дата начала доставки: 07-05-2026
Дата конца доставки: 07-05-2026
Способ доставки: Доставка Ozon самостоятельно, Новокузнецк
Служба доставки: Доставка Ozon
Используется Ozon Express: нет
Тип интеграции со службой доставки: доставка службой Ozon
[2026-04-25 23:24:00] Проверен: 70319045-0084-8 - Нет отгрузки
[2026-04-25 23:24:00] Поиск заказа: 40192209-0141-1
[2026-04-25 23:24:00] Фильтр: description~40192209-0141-1
[2026-04-25 23:24:00] Найдено заказов: 1
[2026-04-25 23:24:00] Заказ: 75222, description: 40192209-0141-1 - номер отправления в Ozon
Дата начала доставки: 28-04-2026
Дата конца доставки: 28-04-2026
Способ доставки: Доставка Ozon самостоятельно, Новокузнецк
Служба доставки: Доставка Ozon
Используется Ozon Express: нет
Тип интеграции со службой доставки: доставка службой Ozon
[2026-04-25 23:24:01] Проверен: 40192209-0141-1 - На отправку с отсрочкой платежа
[2026-04-25 23:24:01] Поиск заказа: 0102529913-0096-1
[2026-04-25 23:24:01] Фильтр: description~0102529913-0096-1
[2026-04-25 23:24:02] Найдено заказов: 1
[2026-04-25 23:24:02] Заказ: 75019, description: 0102529913-0096-1 - номер отправления в Ozon
Дата начала доставки: 29-04-2026
Дата конца доставки: 29-04-2026
Способ доставки: Доставка Ozon самостоятельно, Новокузнецк
Служба доставки: Доставка Ozon
Используется Ozon Express: нет
Тип интеграции со службой доставки: доставка службой Ozon
[2026-04-25 23:24:04] Проверен: 0102529913-0096-1 - На отправку с отсрочкой платежа
[2026-04-25 23:24:04] Поиск заказа: 0114143958-0226-3
[2026-04-25 23:24:04] Фильтр: description~0114143958-0226-3
[2026-04-25 23:24:05] Найдено заказов: 1
[2026-04-25 23:24:05] Заказ: 75261, description: 0114143958-0226-3 - номер отправления в Ozon
Дата начала доставки: 18-05-2026
Дата конца доставки: 18-05-2026
Способ доставки: Доставка Ozon самостоятельно, Новокузнецк
Служба доставки: Доставка Ozon
Используется Ozon Express: нет
Тип интеграции со службой доставки: доставка службой Ozon
[2026-04-25 23:24:06] Проверен: 0114143958-0226-3 - Нет отгрузки
[2026-04-25 23:24:06] === Завершено ===
[2026-04-25 23:24:06] API: save scan, body keys: 5
[2026-04-25 23:24:06] Сохранено последнее сканирование: 5 заказов
[2026-04-25 23:51:18] API: process/check, token present: true
[2026-04-25 23:51:18] === Начало check ===
[2026-04-25 23:51:18] Количество: 1
[2026-04-25 23:51:18] Поиск заказа: 70319045-0084-8
[2026-04-25 23:51:18] Фильтр: description~70319045-0084-8
[2026-04-25 23:51:19] Найдено заказов: 1
[2026-04-25 23:51:19] Заказ: 75430, description: 70319045-0084-8 - номер отправления в Ozon
Дата начала доставки: 07-05-2026
Дата конца доставки: 07-05-2026
Способ доставки: Доставка Ozon самостоятельно, Новокузнецк
Служба доставки: Доставка Ozon
Используется Ozon Express: нет
Тип интеграции со службой доставки: доставка службой Ozon
[2026-04-25 23:51:19] Проверен: 70319045-0084-8 - Нет отгрузки
[2026-04-25 23:51:19] === Завершено ===
[2026-04-25 23:51:19] API: save scan, body keys: 1
[2026-04-25 23:51:19] Сохранено последнее сканирование: 1 заказов
[2026-04-25 23:51:35] API: process/check, token present: true
[2026-04-25 23:51:35] === Начало check ===
[2026-04-25 23:51:35] Количество: 1
[2026-04-25 23:51:35] Поиск заказа: 15561542-0333-3
[2026-04-25 23:51:35] Фильтр: description~15561542-0333-3
[2026-04-25 23:51:36] Найдено заказов: 1
[2026-04-25 23:51:36] Заказ: 75205, description: 15561542-0333-3 - номер отправления в Ozon
Дата начала доставки: 05-05-2026
Дата конца доставки: 05-05-2026
Способ доставки: Доставка Ozon самостоятельно, Новокузнецк
Служба доставки: Доставка Ozon
Используется Ozon Express: нет
Тип интеграции со службой доставки: доставка службой Ozon
[2026-04-25 23:51:36] Проверен: 15561542-0333-3 - На отправку с отсрочкой платежа
[2026-04-25 23:51:36] === Завершено ===
[2026-04-25 23:51:36] API: save scan, body keys: 1
[2026-04-25 23:51:36] Сохранено последнее сканирование: 1 заказов
[2026-04-25 23:52:19] API: process/check, token present: true
[2026-04-25 23:52:19] === Начало check ===
[2026-04-25 23:52:19] Количество: 2
[2026-04-25 23:52:19] Поиск заказа: 15561542-0333-3
[2026-04-25 23:52:19] Фильтр: description~15561542-0333-3
[2026-04-25 23:52:20] Найдено заказов: 1
[2026-04-25 23:52:20] Заказ: 75205, description: 15561542-0333-3 - номер отправления в Ozon
Дата начала доставки: 05-05-2026
Дата конца доставки: 05-05-2026
Способ доставки: Доставка Ozon самостоятельно, Новокузнецк
Служба доставки: Доставка Ozon
Используется Ozon Express: нет
Тип интеграции со службой доставки: доставка службой Ozon
[2026-04-25 23:52:21] Проверен: 15561542-0333-3 - На отправку с отсрочкой платежа
[2026-04-25 23:52:21] Поиск заказа: 76363218-0184-1
[2026-04-25 23:52:21] Фильтр: description~76363218-0184-1
[2026-04-25 23:52:22] Найдено заказов: 1
[2026-04-25 23:52:22] Заказ: 55899, description: 76363218-0184-1 - номер отправления в Ozon
Дата начала доставки: 20-10-2025
Дата конца доставки: 20-10-2025
Способ доставки: Доставка Ozon самостоятельно, Новокузнецк
Служба доставки: Доставка Ozon
Используется Ozon Express: нет
Тип интеграции со службой доставки: доставка службой Ozon
[2026-04-25 23:52:23] Проверен: 76363218-0184-1 - Отгружен
[2026-04-25 23:52:23] === Завершено ===
[2026-04-25 23:52:23] API: save scan, body keys: 2
[2026-04-25 23:52:23] Сохранено последнее сканирование: 2 заказов
[2026-04-25 23:59:07] API: process/check, token present: true
[2026-04-25 23:59:07] === Начало check ===
[2026-04-25 23:59:07] Количество: 3
[2026-04-25 23:59:07] Поиск заказа: 15561542-0333-3
[2026-04-25 23:59:07] Фильтр: description~15561542-0333-3
[2026-04-25 23:59:08] Найдено заказов: 1
[2026-04-25 23:59:08] Заказ: 75205, description: 15561542-0333-3 - номер отправления в Ozon
Дата начала доставки: 05-05-2026
Дата конца доставки: 05-05-2026
Способ доставки: Доставка Ozon самостоятельно, Новокузнецк
Служба доставки: Доставка Ozon
Используется Ozon Express: нет
Тип интеграции со службой доставки: доставка службой Ozon
[2026-04-25 23:59:08] Проверен: 15561542-0333-3 - На отправку с отсрочкой платежа
[2026-04-25 23:59:08] Поиск заказа: 76363218-0184-1
[2026-04-25 23:59:08] Фильтр: description~76363218-0184-1
[2026-04-25 23:59:09] Найдено заказов: 1
[2026-04-25 23:59:09] Заказ: 55899, description: 76363218-0184-1 - номер отправления в Ozon
Дата начала доставки: 20-10-2025
Дата конца доставки: 20-10-2025
Способ доставки: Доставка Ozon самостоятельно, Новокузнецк
Служба доставки: Доставка Ozon
Используется Ozon Express: нет
Тип интеграции со службой доставки: доставка службой Ozon
[2026-04-25 23:59:09] Проверен: 76363218-0184-1 - Отгружен
[2026-04-25 23:59:09] Поиск заказа: 496349005
[2026-04-25 23:59:09] Фильтр: description~496349005
[2026-04-25 23:59:10] Найдено заказов: 1
[2026-04-25 23:59:10] Заказ: 75364, description: Номер задания в Wildberries: 4963490057, Тип доставки: доставка на склад Wildberries, Идентификатор склада WB: 1669486, Список офисов, куда следует привезти товар: Кемерово, Новокузнецк, Цена со всеми скидками Wildberries: 827,28, Цена только со скидкой продавца: 1125,00
[2026-04-25 23:59:10] Проверен: 496349005 - Нет отгрузки
[2026-04-25 23:59:10] === Завершено ===
[2026-04-25 23:59:10] API: save scan, body keys: 3
[2026-04-25 23:59:10] Сохранено последнее сканирование: 3 заказов
[2026-04-25 01:33:48] === Сервер запущен на http://localhost:3000 === | Данные: {"pid":27372,"keepLogsDays":10}
[2026-04-25 01:34:18] API: process/check, token present: true
[2026-04-25 01:34:18] === Начало check ===
[2026-04-25 01:34:18] Количество: 16
[2026-04-25 01:34:18] Поиск заказа: 0166179380-0142-1
[2026-04-25 01:34:18] Фильтр: description~0166179380-0142-1
[2026-04-25 01:34:19] Найдено заказов: 1
[2026-04-25 01:34:19] Заказ: 66357, description: 0166179380-0142-1 - номер отправления в Ozon
Дата начала доставки: 26-03-2026
Дата конца доставки: 26-03-2026
Способ доставки: Доставка Ozon самостоятельно, Новосибирск
Служба доставки: Доставка Ozon
Используется Ozon Express: нет
Тип интеграции со службой доставки: доставка службой Ozon
[2026-04-25 01:34:20] Проверен: 0166179380-0142-1 - Отгружен
[2026-04-25 01:34:20] Поиск заказа: 0103662535-0306-2
[2026-04-25 01:34:20] Фильтр: description~0103662535-0306-2
[2026-04-25 01:34:21] Найдено заказов: 1
[2026-04-25 01:34:21] Заказ: 68688, description: 0103662535-0306-2 - номер отправления в Ozon
Дата начала доставки: 23-03-2026
Дата конца доставки: 23-03-2026
Способ доставки: Доставка Ozon самостоятельно, Новокузнецк
Служба доставки: Доставка Ozon
Используется Ozon Express: нет
Тип интеграции со службой доставки: доставка службой Ozon
[2026-04-25 01:34:22] Проверен: 0103662535-0306-2 - Отгружен
[2026-04-25 01:34:22] Поиск заказа: 0146090935-0481-1
[2026-04-25 01:34:22] Фильтр: description~0146090935-0481-1
[2026-04-25 01:34:23] Найдено заказов: 1
[2026-04-25 01:34:23] Заказ: 68722, description: 0146090935-0481-1 - номер отправления в Ozon
Дата начала доставки: 24-03-2026
Дата конца доставки: 24-03-2026
Способ доставки: Доставка Ozon самостоятельно, Новокузнецк
Служба доставки: Доставка Ozon
Используется Ozon Express: нет
Тип интеграции со службой доставки: доставка службой Ozon
[2026-04-25 01:34:24] Проверен: 0146090935-0481-1 - Отгружен
[2026-04-25 01:34:24] Поиск заказа: 0125091453-0044-1
[2026-04-25 01:34:24] Фильтр: description~0125091453-0044-1
[2026-04-25 01:34:25] Найдено заказов: 1
[2026-04-25 01:34:25] Заказ: 67094, description: 0125091453-0044-1 - номер отправления в Ozon
Дата начала доставки: 17-03-2026
Дата конца доставки: 17-03-2026
Способ доставки: Доставка Ozon самостоятельно, Санкт-Петербург
Служба доставки: Доставка Ozon
Используется Ozon Express: нет
Тип интеграции со службой доставки: доставка службой Ozon
[2026-04-25 01:34:25] Проверен: 0125091453-0044-1 - Отгружен
[2026-04-25 01:34:25] Поиск заказа: 0126453926-0212-1
[2026-04-25 01:34:25] Фильтр: description~0126453926-0212-1
[2026-04-25 01:34:26] Найдено заказов: 1
[2026-04-25 01:34:26] Заказ: 68776, description: 0126453926-0212-1 - номер отправления в Ozon
Дата начала доставки: 23-03-2026
Дата конца доставки: 23-03-2026
Способ доставки: Доставка Ozon самостоятельно, Новокузнецк
Служба доставки: Доставка Ozon
Используется Ozon Express: нет
Тип интеграции со службой доставки: доставка службой Ozon
[2026-04-25 01:34:26] Проверен: 0126453926-0212-1 - Отменен
[2026-04-25 01:34:26] Поиск заказа: 0115262264-0578-1
[2026-04-25 01:34:26] Фильтр: description~0115262264-0578-1
[2026-04-25 01:34:27] Найдено заказов: 1
[2026-04-25 01:34:27] Заказ: 68249, description: 0115262264-0578-1 - номер отправления в Ozon
Дата начала доставки: 23-03-2026
Дата конца доставки: 23-03-2026
Способ доставки: Доставка Ozon самостоятельно, Новокузнецк
Служба доставки: Доставка Ozon
Используется Ozon Express: нет
Тип интеграции со службой доставки: доставка службой Ozon
[2026-04-25 01:34:27] Проверен: 0115262264-0578-1 - Отгружен
[2026-04-25 01:34:27] Поиск заказа: 67123733-0171-1
[2026-04-25 01:34:27] Фильтр: description~67123733-0171-1
[2026-04-25 01:34:28] Найдено заказов: 1
[2026-04-25 01:34:28] Заказ: 68123, description: 67123733-0171-1 - номер отправления в Ozon
Дата начала доставки: 21-03-2026
Дата конца доставки: 21-03-2026
Способ доставки: Доставка Ozon самостоятельно, Новокузнецк
Служба доставки: Доставка Ozon
Используется Ozon Express: нет
Тип интеграции со службой доставки: доставка службой Ozon
[2026-04-25 01:34:28] Проверен: 67123733-0171-1 - Отгружен
[2026-04-25 01:34:28] Поиск заказа: 0132250560-0402-1
[2026-04-25 01:34:28] Фильтр: description~0132250560-0402-1
[2026-04-25 01:34:29] Найдено заказов: 1
[2026-04-25 01:34:29] Заказ: 68264, description: 0132250560-0402-1 - номер отправления в Ozon
Дата начала доставки: 20-03-2026
Дата конца доставки: 20-03-2026
Способ доставки: Доставка Ozon самостоятельно, Санкт-Петербург
Служба доставки: Доставка Ozon
Используется Ozon Express: нет
Тип интеграции со службой доставки: доставка службой Ozon
[2026-04-25 01:34:29] Проверен: 0132250560-0402-1 - Отгружен
[2026-04-25 01:34:29] Поиск заказа: 0174995717-0086-1
[2026-04-25 01:34:29] Фильтр: description~0174995717-0086-1
[2026-04-25 01:34:30] Найдено заказов: 1
[2026-04-25 01:34:30] Заказ: 68338, description: 0174995717-0086-1 - номер отправления в Ozon
Дата начала доставки: 24-03-2026
Дата конца доставки: 24-03-2026
Способ доставки: Доставка Ozon самостоятельно, Новосибирск
Служба доставки: Доставка Ozon
Используется Ozon Express: нет
Тип интеграции со службой доставки: доставка службой Ozon
[2026-04-25 01:34:30] Проверен: 0174995717-0086-1 - Отгружен
[2026-04-25 01:34:30] Поиск заказа: 0127809681-0137-4
[2026-04-25 01:34:30] Фильтр: description~0127809681-0137-4
[2026-04-25 01:34:31] Найдено заказов: 1
[2026-04-25 01:34:31] Заказ: 67833, description: 0127809681-0137-4 - номер отправления в Ozon
Дата начала доставки: 20-03-2026
Дата конца доставки: 20-03-2026
Способ доставки: Доставка Ozon самостоятельно, Санкт-Петербург
Служба доставки: Доставка Ozon
Используется Ozon Express: нет
Тип интеграции со службой доставки: доставка службой Ozon
[2026-04-25 01:34:31] Проверен: 0127809681-0137-4 - Отгружен
[2026-04-25 01:34:31] Поиск заказа: 50506381-0037-1
[2026-04-25 01:34:31] Фильтр: description~50506381-0037-1
[2026-04-25 01:34:32] Найдено заказов: 1
[2026-04-25 01:34:32] Заказ: 68324, description: 50506381-0037-1 - номер отправления в Ozon
Дата начала доставки: 24-03-2026
Дата конца доставки: 24-03-2026
Способ доставки: Доставка Ozon самостоятельно, Новосибирск
Служба доставки: Доставка Ozon
Используется Ozon Express: нет
Тип интеграции со службой доставки: доставка службой Ozon
[2026-04-25 01:34:32] Проверен: 50506381-0037-1 - Отгружен
[2026-04-25 01:34:32] Поиск заказа: 87476005-0422-1
[2026-04-25 01:34:32] Фильтр: description~87476005-0422-1
[2026-04-25 01:34:33] Найдено заказов: 1
[2026-04-25 01:34:33] Заказ: 68139, description: 87476005-0422-1 - номер отправления в Ozon
Дата начала доставки: 24-03-2026
Дата конца доставки: 24-03-2026
Способ доставки: Доставка Ozon самостоятельно, Новосибирск
Служба доставки: Доставка Ozon
Используется Ozon Express: нет
Тип интеграции со службой доставки: доставка службой Ozon
[2026-04-25 01:34:33] Проверен: 87476005-0422-1 - Отгружен
[2026-04-25 01:34:33] Поиск заказа: 0128545550-0011-1
[2026-04-25 01:34:33] Фильтр: description~0128545550-0011-1
[2026-04-25 01:34:34] Найдено заказов: 1
[2026-04-25 01:34:34] Заказ: 67247, description: 0128545550-0011-1 - номер отправления в Ozon
Дата начала доставки: 13-03-2026
Дата конца доставки: 13-03-2026
Способ доставки: Доставка Ozon самостоятельно, Новосибирск
Служба доставки: Доставка Ozon
Используется Ozon Express: нет
Тип интеграции со службой доставки: доставка службой Ozon
[2026-04-25 01:34:34] Проверен: 0128545550-0011-1 - Отгружен
[2026-04-25 01:34:34] Поиск заказа: 0165794907-0041-1
[2026-04-25 01:34:34] Фильтр: description~0165794907-0041-1
[2026-04-25 01:34:35] Найдено заказов: 1
[2026-04-25 01:34:35] Заказ: 68184, description: 0165794907-0041-1 - номер отправления в Ozon
Дата начала доставки: 24-03-2026
Дата конца доставки: 24-03-2026
Способ доставки: Доставка Ozon самостоятельно, Новосибирск
Служба доставки: Доставка Ozon
Используется Ozon Express: нет
Тип интеграции со службой доставки: доставка службой Ozon
[2026-04-25 01:34:35] Проверен: 0165794907-0041-1 - Отгружен
[2026-04-25 01:34:35] Поиск заказа: 0135408873-0123-1
[2026-04-25 01:34:35] Фильтр: description~0135408873-0123-1
[2026-04-25 01:34:36] Найдено заказов: 1
[2026-04-25 01:34:36] Заказ: 68156, description: 0135408873-0123-1 - номер отправления в Ozon
Дата начала доставки: 25-03-2026
Дата конца доставки: 25-03-2026
Способ доставки: Доставка Ozon самостоятельно, Новосибирск
Служба доставки: Доставка Ozon
Используется Ozon Express: нет
Тип интеграции со службой доставки: доставка службой Ozon
[2026-04-25 01:34:36] Проверен: 0135408873-0123-1 - Отгружен
[2026-04-25 01:34:36] Поиск заказа: 44540355-0316-1
[2026-04-25 01:34:36] Фильтр: description~44540355-0316-1
[2026-04-25 01:34:37] Найдено заказов: 1
[2026-04-25 01:34:37] Заказ: 68410, description: 44540355-0316-1 - номер отправления в Ozon
Дата начала доставки: 21-03-2026
Дата конца доставки: 21-03-2026
Способ доставки: Доставка Ozon самостоятельно, Санкт-Петербург
Служба доставки: Доставка Ozon
Используется Ozon Express: нет
Тип интеграции со службой доставки: доставка службой Ozon
[2026-04-25 01:34:37] Проверен: 44540355-0316-1 - Отгружен
[2026-04-25 01:34:37] === Завершено ===
[2026-04-25 01:34:37] API: save scan, body keys: 16
[2026-04-25 01:34:37] Сохранено последнее сканирование: 16 заказов
